build/app/intermediates/manifest_merge_blame_file/debug/manifest-merger-blame-debug-report.txt
1<?xml version="1.0" encoding="utf-8"?>
2<manifest xmlns:android="http://schemas.android.com/apk/res/android"
3    package="com.example.weather_assistant"
4    android:versionCode="1"
5    android:versionName="1.0.0" >
6
7    <uses-sdk
8        android:minSdkVersion="21"
9        android:targetSdkVersion="35" />
10    <!--
11         The INTERNET permission is required for development. Specifically,
12         the Flutter tool needs it to communicate with the running application
13         to allow setting breakpoints, to provide hot reload, etc.
14    -->
15    <uses-permission android:name="android.permission.INTERNET" />
15-->src/debug/AndroidManifest.xml:6:5-66
15-->src/debug/AndroidManifest.xml:6:22-64
16    <uses-permission android:name="android.permission.RECEIVE_BOOT_COMPLETED" />
16-->src/main/AndroidManifest.xml:2:5-80
16-->src/main/AndroidManifest.xml:2:22-78
17    <uses-permission android:name="android.permission.FOREGROUND_SERVICE" />
17-->src/main/AndroidManifest.xml:3:5-76
17-->src/main/AndroidManifest.xml:3:22-74
18    <uses-permission android:name="android.permission.ACCESS_FINE_LOCATION" />
18-->src/main/AndroidManifest.xml:4:5-78
18-->src/main/AndroidManifest.xml:4:22-76
19    <uses-permission android:name="android.permission.ACCESS_COARSE_LOCATION" />
19-->src/main/AndroidManifest.xml:5:5-80
19-->src/main/AndroidManifest.xml:5:22-78
20    <!--
21 Required to query activities that can process text, see:
22         https://developer.android.com/training/package-visibility?hl=en and
23         https://developer.android.com/reference/android/content/Intent#ACTION_PROCESS_TEXT.
24
25         In particular, this is used by the Flutter engine in io.flutter.plugin.text.ProcessTextPlugin.
26    -->
27    <queries>
27-->src/main/AndroidManifest.xml:49:5-54:15
28        <intent>
28-->src/main/AndroidManifest.xml:50:9-53:18
29            <action android:name="android.intent.action.PROCESS_TEXT" />
29-->src/main/AndroidManifest.xml:51:13-72
29-->src/main/AndroidManifest.xml:51:21-70
30
31            <data android:mimeType="text/plain" />
31-->src/main/AndroidManifest.xml:52:13-50
31-->src/main/AndroidManifest.xml:52:19-48
32        </intent>
33    </queries>
34
35    <uses-permission android:name="android.permission.VIBRATE" />
35-->[:flutter_local_notifications] AndroidManifest.xml:7:5-66
35-->[:flutter_local_notifications] AndroidManifest.xml:7:22-63
36    <uses-permission android:name="android.permission.POST_NOTIFICATIONS" />
36-->[:flutter_local_notifications] AndroidManifest.xml:8:5-77
36-->[:flutter_local_notifications] AndroidManifest.xml:8:22-74
37    <uses-permission android:name="android.permission.WAKE_LOCK" />
37-->[androidx.work:work-runtime:2.8.1] AndroidManifest.xml:23:5-68
37-->[androidx.work:work-runtime:2.8.1] AndroidManifest.xml:23:22-65
38    <uses-permission android:name="android.permission.ACCESS_NETWORK_STATE" />
38-->[androidx.work:work-runtime:2.8.1] AndroidManifest.xml:24:5-79
38-->[androidx.work:work-runtime:2.8.1] AndroidManifest.xml:24:22-76
39
40    <permission
40-->[androidx.core:core:1.13.1] AndroidManifest.xml:22:5-24:47
41        android:name="com.example.weather_assistant.DYNAMIC_RECEIVER_NOT_EXPORTED_PERMISSION"
41-->[androidx.core:core:1.13.1] AndroidManifest.xml:23:9-81
42        android:protectionLevel="signature" />
42-->[androidx.core:core:1.13.1] AndroidManifest.xml:24:9-44
43
44    <uses-permission android:name="com.example.weather_assistant.DYNAMIC_RECEIVER_NOT_EXPORTED_PERMISSION" />
44-->[androidx.core:core:1.13.1] AndroidManifest.xml:26:5-97
44-->[androidx.core:core:1.13.1] AndroidManifest.xml:26:22-94
45
46    <application
47        android:name="android.app.Application"
48        android:appComponentFactory="androidx.core.app.CoreComponentFactory"
48-->[androidx.core:core:1.13.1] AndroidManifest.xml:28:18-86
49        android:debuggable="true"
50        android:extractNativeLibs="true"
51        android:icon="@mipmap/launcher_icon"
52        android:label="Weather Assistant" >
53        <service
54            android:name="com.dexterous.flutterlocalnotifications.ScheduledNotificationReceiver"
55            android:exported="false"
56            android:permission="android.permission.BIND_JOB_SERVICE" />
57        <!-- Разрешение для запуска уведомлений после перезапуска -->
58        <receiver
59            android:name="com.dexterous.flutterlocalnotifications.ScheduledNotificationReceiver"
60            android:exported="false" />
61
62        <activity
63            android:name="com.example.weather_assistant.MainActivity"
64            android:configChanges="orientation|keyboardHidden|keyboard|screenSize|smallestScreenSize|locale|layoutDirection|fontScale|screenLayout|density|uiMode"
65            android:exported="true"
66            android:hardwareAccelerated="true"
67            android:launchMode="singleTop"
68            android:theme="@style/LaunchTheme"
69            android:windowSoftInputMode="adjustResize" >
70
71            <!--
72                 Specifies an Android theme to apply to this Activity as soon as
73                 the Android process has started. This theme is visible to the user
74                 while the Flutter UI initializes. After that, this theme continues
75                 to determine the Window background behind the Flutter UI.
76            -->
77            <meta-data
78                android:name="io.flutter.embedding.android.NormalTheme"
79                android:resource="@style/NormalTheme" />
80
81            <intent-filter>
82                <action android:name="android.intent.action.MAIN" />
83
84                <category android:name="android.intent.category.LAUNCHER" />
85            </intent-filter>
86        </activity>
87        <!--
88             Don't delete the meta-data below.
89             This is used by the Flutter tool to generate GeneratedPluginRegistrant.java
90        -->
91        <meta-data
92            android:name="flutterEmbedding"
93            android:value="2" />
94
95        <service
95-->[:geolocator_android] AndroidManifest.xml:8:9-12:56
96            android:name="com.baseflow.geolocator.GeolocatorLocationService"
96-->[:geolocator_android] AndroidManifest.xml:9:13-77
97            android:enabled="true"
97-->[:geolocator_android] AndroidManifest.xml:10:13-35
98            android:exported="false"
98-->[:geolocator_android] AndroidManifest.xml:11:13-37
99            android:foregroundServiceType="location" />
99-->[:geolocator_android] AndroidManifest.xml:12:13-53
100
101        <provider
101-->[:open_file_android] AndroidManifest.xml:9:9-19:20
102            android:name="com.crazecoder.openfile.FileProvider"
102-->[:open_file_android] AndroidManifest.xml:10:13-64
103            android:authorities="com.example.weather_assistant.fileProvider.com.crazecoder.openfile"
103-->[:open_file_android] AndroidManifest.xml:11:13-88
104            android:exported="false"
104-->[:open_file_android] AndroidManifest.xml:12:13-37
105            android:grantUriPermissions="true"
105-->[:open_file_android] AndroidManifest.xml:13:13-47
106            android:requestLegacyExternalStorage="true" >
106-->[:open_file_android] AndroidManifest.xml:14:13-56
107            <meta-data
107-->[:open_file_android] AndroidManifest.xml:16:13-18:53
108                android:name="android.support.FILE_PROVIDER_PATHS"
108-->[:open_file_android] AndroidManifest.xml:17:17-67
109                android:resource="@xml/filepaths" />
109-->[:open_file_android] AndroidManifest.xml:18:17-50
110        </provider>
111        <provider
111-->[:printing] AndroidManifest.xml:8:9-16:20
112            android:name="net.nfet.flutter.printing.PrintFileProvider"
112-->[:printing] AndroidManifest.xml:9:13-71
113            android:authorities="com.example.weather_assistant.flutter.printing"
113-->[:printing] AndroidManifest.xml:10:13-68
114            android:exported="false"
114-->[:printing] AndroidManifest.xml:11:13-37
115            android:grantUriPermissions="true" >
115-->[:printing] AndroidManifest.xml:12:13-47
116            <meta-data
116-->[:open_file_android] AndroidManifest.xml:16:13-18:53
117                android:name="android.support.FILE_PROVIDER_PATHS"
117-->[:open_file_android] AndroidManifest.xml:17:17-67
118                android:resource="@xml/flutter_printing_file_paths" />
118-->[:open_file_android] AndroidManifest.xml:18:17-50
119        </provider>
120
121        <activity
121-->[:url_launcher_android] AndroidManifest.xml:8:9-11:74
122            android:name="io.flutter.plugins.urllauncher.WebViewActivity"
122-->[:url_launcher_android] AndroidManifest.xml:9:13-74
123            android:exported="false"
123-->[:url_launcher_android] AndroidManifest.xml:10:13-37
124            android:theme="@android:style/Theme.NoTitleBar.Fullscreen" />
124-->[:url_launcher_android] AndroidManifest.xml:11:13-71
125
126        <provider
126-->[androidx.work:work-runtime:2.8.1] AndroidManifest.xml:29:9-37:20
127            android:name="androidx.startup.InitializationProvider"
127-->[androidx.work:work-runtime:2.8.1] AndroidManifest.xml:30:13-67
128            android:authorities="com.example.weather_assistant.androidx-startup"
128-->[androidx.work:work-runtime:2.8.1] AndroidManifest.xml:31:13-68
129            android:exported="false" >
129-->[androidx.work:work-runtime:2.8.1] AndroidManifest.xml:32:13-37
130            <meta-data
130-->[androidx.work:work-runtime:2.8.1] AndroidManifest.xml:34:13-36:52
131                android:name="androidx.work.WorkManagerInitializer"
131-->[androidx.work:work-runtime:2.8.1] AndroidManifest.xml:35:17-68
132                android:value="androidx.startup" />
132-->[androidx.work:work-runtime:2.8.1] AndroidManifest.xml:36:17-49
133            <meta-data
133-->[androidx.emoji2:emoji2:1.2.0] AndroidManifest.xml:29:13-31:52
134                android:name="androidx.emoji2.text.EmojiCompatInitializer"
134-->[androidx.emoji2:emoji2:1.2.0] AndroidManifest.xml:30:17-75
135                android:value="androidx.startup" />
135-->[androidx.emoji2:emoji2:1.2.0] AndroidManifest.xml:31:17-49
136            <meta-data
136-->[androidx.lifecycle:lifecycle-process:2.7.0] AndroidManifest.xml:29:13-31:52
137                android:name="androidx.lifecycle.ProcessLifecycleInitializer"
137-->[androidx.lifecycle:lifecycle-process:2.7.0] AndroidManifest.xml:30:17-78
138                android:value="androidx.startup" />
138-->[androidx.lifecycle:lifecycle-process:2.7.0] AndroidManifest.xml:31:17-49
139            <meta-data
139-->[androidx.profileinstaller:profileinstaller:1.3.1] AndroidManifest.xml:29:13-31:52
140                android:name="androidx.profileinstaller.ProfileInstallerInitializer"
140-->[androidx.profileinstaller:profileinstaller:1.3.1] AndroidManifest.xml:30:17-85
141                android:value="androidx.startup" />
141-->[androidx.profileinstaller:profileinstaller:1.3.1] AndroidManifest.xml:31:17-49
142        </provider>
143
144        <service
144-->[androidx.work:work-runtime:2.8.1] AndroidManifest.xml:39:9-45:35
145            android:name="androidx.work.impl.background.systemalarm.SystemAlarmService"
145-->[androidx.work:work-runtime:2.8.1] AndroidManifest.xml:40:13-88
146            android:directBootAware="false"
146-->[androidx.work:work-runtime:2.8.1] AndroidManifest.xml:41:13-44
147            android:enabled="@bool/enable_system_alarm_service_default"
147-->[androidx.work:work-runtime:2.8.1] AndroidManifest.xml:42:13-72
148            android:exported="false" />
148-->[androidx.work:work-runtime:2.8.1] AndroidManifest.xml:43:13-37
149        <service
149-->[androidx.work:work-runtime:2.8.1] AndroidManifest.xml:46:9-52:35
150            android:name="androidx.work.impl.background.systemjob.SystemJobService"
150-->[androidx.work:work-runtime:2.8.1] AndroidManifest.xml:47:13-84
151            android:directBootAware="false"
151-->[androidx.work:work-runtime:2.8.1] AndroidManifest.xml:48:13-44
152            android:enabled="@bool/enable_system_job_service_default"
152-->[androidx.work:work-runtime:2.8.1] AndroidManifest.xml:49:13-70
153            android:exported="true"
153-->[androidx.work:work-runtime:2.8.1] AndroidManifest.xml:50:13-36
154            android:permission="android.permission.BIND_JOB_SERVICE" />
154-->[androidx.work:work-runtime:2.8.1] AndroidManifest.xml:51:13-69
155        <service
155-->[androidx.work:work-runtime:2.8.1] AndroidManifest.xml:53:9-59:35
156            android:name="androidx.work.impl.foreground.SystemForegroundService"
156-->[androidx.work:work-runtime:2.8.1] AndroidManifest.xml:54:13-81
157            android:directBootAware="false"
157-->[androidx.work:work-runtime:2.8.1] AndroidManifest.xml:55:13-44
158            android:enabled="@bool/enable_system_foreground_service_default"
158-->[androidx.work:work-runtime:2.8.1] AndroidManifest.xml:56:13-77
159            android:exported="false" />
159-->[androidx.work:work-runtime:2.8.1] AndroidManifest.xml:57:13-37
160
161        <receiver
161-->[androidx.work:work-runtime:2.8.1] AndroidManifest.xml:61:9-66:35
162            android:name="androidx.work.impl.utils.ForceStopRunnable$BroadcastReceiver"
162-->[androidx.work:work-runtime:2.8.1] AndroidManifest.xml:62:13-88
163            android:directBootAware="false"
163-->[androidx.work:work-runtime:2.8.1] AndroidManifest.xml:63:13-44
164            android:enabled="true"
164-->[androidx.work:work-runtime:2.8.1] AndroidManifest.xml:64:13-35
165            android:exported="false" />
165-->[androidx.work:work-runtime:2.8.1] AndroidManifest.xml:65:13-37
166        <receiver
166-->[androidx.work:work-runtime:2.8.1] AndroidManifest.xml:67:9-77:20
167            android:name="androidx.work.impl.background.systemalarm.ConstraintProxy$BatteryChargingProxy"
167-->[androidx.work:work-runtime:2.8.1] AndroidManifest.xml:68:13-106
168            android:directBootAware="false"
168-->[androidx.work:work-runtime:2.8.1] AndroidManifest.xml:69:13-44
169            android:enabled="false"
169-->[androidx.work:work-runtime:2.8.1] AndroidManifest.xml:70:13-36
170            android:exported="false" >
170-->[androidx.work:work-runtime:2.8.1] AndroidManifest.xml:71:13-37
171            <intent-filter>
171-->[androidx.work:work-runtime:2.8.1] AndroidManifest.xml:73:13-76:29
172                <action android:name="android.intent.action.ACTION_POWER_CONNECTED" />
172-->[androidx.work:work-runtime:2.8.1] AndroidManifest.xml:74:17-87
172-->[androidx.work:work-runtime:2.8.1] AndroidManifest.xml:74:25-84
173                <action android:name="android.intent.action.ACTION_POWER_DISCONNECTED" />
173-->[androidx.work:work-runtime:2.8.1] AndroidManifest.xml:75:17-90
173-->[androidx.work:work-runtime:2.8.1] AndroidManifest.xml:75:25-87
174            </intent-filter>
175        </receiver>
176        <receiver
176-->[androidx.work:work-runtime:2.8.1] AndroidManifest.xml:78:9-88:20
177            android:name="androidx.work.impl.background.systemalarm.ConstraintProxy$BatteryNotLowProxy"
177-->[androidx.work:work-runtime:2.8.1] AndroidManifest.xml:79:13-104
178            android:directBootAware="false"
178-->[androidx.work:work-runtime:2.8.1] AndroidManifest.xml:80:13-44
179            android:enabled="false"
179-->[androidx.work:work-runtime:2.8.1] AndroidManifest.xml:81:13-36
180            android:exported="false" >
180-->[androidx.work:work-runtime:2.8.1] AndroidManifest.xml:82:13-37
181            <intent-filter>
181-->[androidx.work:work-runtime:2.8.1] AndroidManifest.xml:84:13-87:29
182                <action android:name="android.intent.action.BATTERY_OKAY" />
182-->[androidx.work:work-runtime:2.8.1] AndroidManifest.xml:85:17-77
182-->[androidx.work:work-runtime:2.8.1] AndroidManifest.xml:85:25-74
183                <action android:name="android.intent.action.BATTERY_LOW" />
183-->[androidx.work:work-runtime:2.8.1] AndroidManifest.xml:86:17-76
183-->[androidx.work:work-runtime:2.8.1] AndroidManifest.xml:86:25-73
184            </intent-filter>
185        </receiver>
186        <receiver
186-->[androidx.work:work-runtime:2.8.1] AndroidManifest.xml:89:9-99:20
187            android:name="androidx.work.impl.background.systemalarm.ConstraintProxy$StorageNotLowProxy"
187-->[androidx.work:work-runtime:2.8.1] AndroidManifest.xml:90:13-104
188            android:directBootAware="false"
188-->[androidx.work:work-runtime:2.8.1] AndroidManifest.xml:91:13-44
189            android:enabled="false"
189-->[androidx.work:work-runtime:2.8.1] AndroidManifest.xml:92:13-36
190            android:exported="false" >
190-->[androidx.work:work-runtime:2.8.1] AndroidManifest.xml:93:13-37
191            <intent-filter>
191-->[androidx.work:work-runtime:2.8.1] AndroidManifest.xml:95:13-98:29
192                <action android:name="android.intent.action.DEVICE_STORAGE_LOW" />
192-->[androidx.work:work-runtime:2.8.1] AndroidManifest.xml:96:17-83
192-->[androidx.work:work-runtime:2.8.1] AndroidManifest.xml:96:25-80
193                <action android:name="android.intent.action.DEVICE_STORAGE_OK" />
193-->[androidx.work:work-runtime:2.8.1] AndroidManifest.xml:97:17-82
193-->[androidx.work:work-runtime:2.8.1] AndroidManifest.xml:97:25-79
194            </intent-filter>
195        </receiver>
196        <receiver
196-->[androidx.work:work-runtime:2.8.1] AndroidManifest.xml:100:9-109:20
197            android:name="androidx.work.impl.background.systemalarm.ConstraintProxy$NetworkStateProxy"
197-->[androidx.work:work-runtime:2.8.1] AndroidManifest.xml:101:13-103
198            android:directBootAware="false"
198-->[androidx.work:work-runtime:2.8.1] AndroidManifest.xml:102:13-44
199            android:enabled="false"
199-->[androidx.work:work-runtime:2.8.1] AndroidManifest.xml:103:13-36
200            android:exported="false" >
200-->[androidx.work:work-runtime:2.8.1] AndroidManifest.xml:104:13-37
201            <intent-filter>
201-->[androidx.work:work-runtime:2.8.1] AndroidManifest.xml:106:13-108:29
202                <action android:name="android.net.conn.CONNECTIVITY_CHANGE" />
202-->[androidx.work:work-runtime:2.8.1] AndroidManifest.xml:107:17-79
202-->[androidx.work:work-runtime:2.8.1] AndroidManifest.xml:107:25-76
203            </intent-filter>
204        </receiver>
205        <receiver
205-->[androidx.work:work-runtime:2.8.1] AndroidManifest.xml:110:9-121:20
206            android:name="androidx.work.impl.background.systemalarm.RescheduleReceiver"
206-->[androidx.work:work-runtime:2.8.1] AndroidManifest.xml:111:13-88
207            android:directBootAware="false"
207-->[androidx.work:work-runtime:2.8.1] AndroidManifest.xml:112:13-44
208            android:enabled="false"
208-->[androidx.work:work-runtime:2.8.1] AndroidManifest.xml:113:13-36
209            android:exported="false" >
209-->[androidx.work:work-runtime:2.8.1] AndroidManifest.xml:114:13-37
210            <intent-filter>
210-->[androidx.work:work-runtime:2.8.1] AndroidManifest.xml:116:13-120:29
211                <action android:name="android.intent.action.BOOT_COMPLETED" />
211-->[androidx.work:work-runtime:2.8.1] AndroidManifest.xml:117:17-79
211-->[androidx.work:work-runtime:2.8.1] AndroidManifest.xml:117:25-76
212                <action android:name="android.intent.action.TIME_SET" />
212-->[androidx.work:work-runtime:2.8.1] AndroidManifest.xml:118:17-73
212-->[androidx.work:work-runtime:2.8.1] AndroidManifest.xml:118:25-70
213                <action android:name="android.intent.action.TIMEZONE_CHANGED" />
213-->[androidx.work:work-runtime:2.8.1] AndroidManifest.xml:119:17-81
213-->[androidx.work:work-runtime:2.8.1] AndroidManifest.xml:119:25-78
214            </intent-filter>
215        </receiver>
216        <receiver
216-->[androidx.work:work-runtime:2.8.1] AndroidManifest.xml:122:9-131:20
217            android:name="androidx.work.impl.background.systemalarm.ConstraintProxyUpdateReceiver"
217-->[androidx.work:work-runtime:2.8.1] AndroidManifest.xml:123:13-99
218            android:directBootAware="false"
218-->[androidx.work:work-runtime:2.8.1] AndroidManifest.xml:124:13-44
219            android:enabled="@bool/enable_system_alarm_service_default"
219-->[androidx.work:work-runtime:2.8.1] AndroidManifest.xml:125:13-72
220            android:exported="false" >
220-->[androidx.work:work-runtime:2.8.1] AndroidManifest.xml:126:13-37
221            <intent-filter>
221-->[androidx.work:work-runtime:2.8.1] AndroidManifest.xml:128:13-130:29
222                <action android:name="androidx.work.impl.background.systemalarm.UpdateProxies" />
222-->[androidx.work:work-runtime:2.8.1] AndroidManifest.xml:129:17-98
222-->[androidx.work:work-runtime:2.8.1] AndroidManifest.xml:129:25-95
223            </intent-filter>
224        </receiver>
225        <receiver
225-->[androidx.work:work-runtime:2.8.1] AndroidManifest.xml:132:9-142:20
226            android:name="androidx.work.impl.diagnostics.DiagnosticsReceiver"
226-->[androidx.work:work-runtime:2.8.1] AndroidManifest.xml:133:13-78
227            android:directBootAware="false"
227-->[androidx.work:work-runtime:2.8.1] AndroidManifest.xml:134:13-44
228            android:enabled="true"
228-->[androidx.work:work-runtime:2.8.1] AndroidManifest.xml:135:13-35
229            android:exported="true"
229-->[androidx.work:work-runtime:2.8.1] AndroidManifest.xml:136:13-36
230            android:permission="android.permission.DUMP" >
230-->[androidx.work:work-runtime:2.8.1] AndroidManifest.xml:137:13-57
231            <intent-filter>
231-->[androidx.work:work-runtime:2.8.1] AndroidManifest.xml:139:13-141:29
232                <action android:name="androidx.work.diagnostics.REQUEST_DIAGNOSTICS" />
232-->[androidx.work:work-runtime:2.8.1] AndroidManifest.xml:140:17-88
232-->[androidx.work:work-runtime:2.8.1] AndroidManifest.xml:140:25-85
233            </intent-filter>
234        </receiver>
235
236        <uses-library
236-->[androidx.window:window:1.2.0] AndroidManifest.xml:23:9-25:40
237            android:name="androidx.window.extensions"
237-->[androidx.window:window:1.2.0] AndroidManifest.xml:24:13-54
238            android:required="false" />
238-->[androidx.window:window:1.2.0] AndroidManifest.xml:25:13-37
239        <uses-library
239-->[androidx.window:window:1.2.0] AndroidManifest.xml:26:9-28:40
240            android:name="androidx.window.sidecar"
240-->[androidx.window:window:1.2.0] AndroidManifest.xml:27:13-51
241            android:required="false" />
241-->[androidx.window:window:1.2.0] AndroidManifest.xml:28:13-37
242
243        <activity
243-->[com.google.android.gms:play-services-base:18.3.0] AndroidManifest.xml:20:9-22:45
244            android:name="com.google.android.gms.common.api.GoogleApiActivity"
244-->[com.google.android.gms:play-services-base:18.3.0] AndroidManifest.xml:20:19-85
245            android:exported="false"
245-->[com.google.android.gms:play-services-base:18.3.0] AndroidManifest.xml:22:19-43
246            android:theme="@android:style/Theme.Translucent.NoTitleBar" />
246-->[com.google.android.gms:play-services-base:18.3.0] AndroidManifest.xml:21:19-78
247
248        <meta-data
248-->[com.google.android.gms:play-services-basement:18.3.0] AndroidManifest.xml:21:9-23:69
249            android:name="com.google.android.gms.version"
249-->[com.google.android.gms:play-services-basement:18.3.0] AndroidManifest.xml:22:13-58
250            android:value="@integer/google_play_services_version" />
250-->[com.google.android.gms:play-services-basement:18.3.0] AndroidManifest.xml:23:13-66
251
252        <service
252-->[androidx.room:room-runtime:2.5.0] AndroidManifest.xml:24:9-28:63
253            android:name="androidx.room.MultiInstanceInvalidationService"
253-->[androidx.room:room-runtime:2.5.0] AndroidManifest.xml:25:13-74
254            android:directBootAware="true"
254-->[androidx.room:room-runtime:2.5.0] AndroidManifest.xml:26:13-43
255            android:exported="false" />
255-->[androidx.room:room-runtime:2.5.0] AndroidManifest.xml:27:13-37
256
257        <receiver
257-->[androidx.profileinstaller:profileinstaller:1.3.1] AndroidManifest.xml:34:9-52:20
258            android:name="androidx.profileinstaller.ProfileInstallReceiver"
258-->[androidx.profileinstaller:profileinstaller:1.3.1] AndroidManifest.xml:35:13-76
259            android:directBootAware="false"
259-->[androidx.profileinstaller:profileinstaller:1.3.1] AndroidManifest.xml:36:13-44
260            android:enabled="true"
260-->[androidx.profileinstaller:profileinstaller:1.3.1] AndroidManifest.xml:37:13-35
261            android:exported="true"
261-->[androidx.profileinstaller:profileinstaller:1.3.1] AndroidManifest.xml:38:13-36
262            android:permission="android.permission.DUMP" >
262-->[androidx.profileinstaller:profileinstaller:1.3.1] AndroidManifest.xml:39:13-57
263            <intent-filter>
263-->[androidx.profileinstaller:profileinstaller:1.3.1] AndroidManifest.xml:40:13-42:29
264                <action android:name="androidx.profileinstaller.action.INSTALL_PROFILE" />
264-->[androidx.profileinstaller:profileinstaller:1.3.1] AndroidManifest.xml:41:17-91
264-->[androidx.profileinstaller:profileinstaller:1.3.1] AndroidManifest.xml:41:25-88
265            </intent-filter>
266            <intent-filter>
266-->[androidx.profileinstaller:profileinstaller:1.3.1] AndroidManifest.xml:43:13-45:29
267                <action android:name="androidx.profileinstaller.action.SKIP_FILE" />
267-->[androidx.profileinstaller:profileinstaller:1.3.1] AndroidManifest.xml:44:17-85
267-->[androidx.profileinstaller:profileinstaller:1.3.1] AndroidManifest.xml:44:25-82
268            </intent-filter>
269            <intent-filter>
269-->[androidx.profileinstaller:profileinstaller:1.3.1] AndroidManifest.xml:46:13-48:29
270                <action android:name="androidx.profileinstaller.action.SAVE_PROFILE" />
270-->[androidx.profileinstaller:profileinstaller:1.3.1] AndroidManifest.xml:47:17-88
270-->[androidx.profileinstaller:profileinstaller:1.3.1] AndroidManifest.xml:47:25-85
271            </intent-filter>
272            <intent-filter>
272-->[androidx.profileinstaller:profileinstaller:1.3.1] AndroidManifest.xml:49:13-51:29
273                <action android:name="androidx.profileinstaller.action.BENCHMARK_OPERATION" />
273-->[androidx.profileinstaller:profileinstaller:1.3.1] AndroidManifest.xml:50:17-95
273-->[androidx.profileinstaller:profileinstaller:1.3.1] AndroidManifest.xml:50:25-92
274            </intent-filter>
275        </receiver>
276    </application>
277
278</manifest>